[debug] [2023-01-16T18:19:03.574Z] ----------------------------------------------------------------------
[debug] [2023-01-16T18:19:03.575Z] Command:       /usr/local/bin/node /Users/nitinsharma/.npm-global/bin/firebase init hosting
[debug] [2023-01-16T18:19:03.575Z] CLI Version:   11.20.0
[debug] [2023-01-16T18:19:03.575Z] Platform:      darwin
[debug] [2023-01-16T18:19:03.575Z] Node Version:  v18.12.1
[debug] [2023-01-16T18:19:03.576Z] Time:          Mon Jan 16 2023 10:19:03 GMT-0800 (Pacific Standard Time)
[debug] [2023-01-16T18:19:03.576Z] ----------------------------------------------------------------------
[debug] 
[debug] [2023-01-16T18:19:03.580Z] > command requires scopes: ["email","openid","https://www.googleapis.com/auth/cloudplatformprojects.readonly","https://www.googleapis.com/auth/firebase","https://www.googleapis.com/auth/cloud-platform"]
[debug] [2023-01-16T18:19:03.581Z] > authorizing via signed-in user (nitin.fed@gmail.com)
[info] 
     ######## #### ########  ######## ########     ###     ######  ########
     ##        ##  ##     ## ##       ##     ##  ##   ##  ##       ##
     ######    ##  ########  ######   ########  #########  ######  ######
     ##        ##  ##    ##  ##       ##     ## ##     ##       ## ##
     ##       #### ##     ## ######## ########  ##     ##  ######  ########

You're about to initialize a Firebase project in this directory:

  /Users/nitinsharma/Projects/Learning/featherGlobe

[info] 
=== Project Setup
[info] 
[info] First, let's associate this project directory with a Firebase project.
[info] You can create multiple project aliases by running firebase use --add, 
[info] but for now we'll just set up a default project.
[info] 
[debug] [2023-01-16T18:19:08.108Z] > refreshing access token with scopes: []
[debug] [2023-01-16T18:19:08.110Z] >>> [apiv2][query] POST https://www.googleapis.com/oauth2/v3/token [none]
[debug] [2023-01-16T18:19:08.110Z] >>> [apiv2][body] POST https://www.googleapis.com/oauth2/v3/token [omitted]
[debug] [2023-01-16T18:19:08.381Z] <<< [apiv2][status] POST https://www.googleapis.com/oauth2/v3/token 200
[debug] [2023-01-16T18:19:08.381Z] <<< [apiv2][body] POST https://www.googleapis.com/oauth2/v3/token [omitted]
[debug] [2023-01-16T18:19:08.430Z] >>> [apiv2][query] GET https://firebase.googleapis.com/v1beta1/projects pageSize=100
[debug] [2023-01-16T18:19:08.995Z] <<< [apiv2][status] GET https://firebase.googleapis.com/v1beta1/projects 200
[debug] [2023-01-16T18:19:08.995Z] <<< [apiv2][body] GET https://firebase.googleapis.com/v1beta1/projects [omitted]
[info] i  Using project firebase-fg (firebase-fg) 
[info] 
=== Hosting Setup
[info] 
[info] Your public directory is the folder (relative to your project directory) that
[info] will contain Hosting assets to be uploaded with firebase deploy. If you
[info] have a build process for your assets, use your build's output directory.
[info] 
[debug] [2023-01-16T18:19:36.682Z] >>> [apiv2][query] GET https://www.gstatic.com/firebasejs/releases.json [none]
[debug] [2023-01-16T18:19:36.806Z] <<< [apiv2][status] GET https://www.gstatic.com/firebasejs/releases.json 200
[debug] [2023-01-16T18:19:36.807Z] <<< [apiv2][body] GET https://www.gstatic.com/firebasejs/releases.json {"current":{"version":"9.15.0","browserURL":"https://www.gstatic.com/firebasejs/9.15.0/firebase.js","packageURL":"https://www.gstatic.com/firebasejs/9.15.0/firebase.tgz"},"live":{"version":"9.15","browserURL":"https://www.gstatic.com/firebasejs/live/9.15/firebase.js","packageURL":"https://www.gstatic.com/firebasejs/live/9.15/firebase.tgz"},"components":{"analytics":"https://www.gstatic.com/firebasejs/9.15.0/firebase-analytics.js","app":"https://www.gstatic.com/firebasejs/9.15.0/firebase-app.js","app-check":"https://www.gstatic.com/firebasejs/9.15.0/firebase-app-check.js","auth":"https://www.gstatic.com/firebasejs/9.15.0/firebase-auth.js","auth/cordova":"https://www.gstatic.com/firebasejs/9.15.0/firebase-auth/cordova.js","auth/react-native":"https://www.gstatic.com/firebasejs/9.15.0/firebase-auth/react-native.js","functions":"https://www.gstatic.com/firebasejs/9.15.0/firebase-functions.js","firestore":"https://www.gstatic.com/firebasejs/9.15.0/firebase-firestore.js","firestore/lite":"https://www.gstatic.com/firebasejs/9.15.0/firebase-firestore/lite.js","installations":"https://www.gstatic.com/firebasejs/9.15.0/firebase-installations.js","storage":"https://www.gstatic.com/firebasejs/9.15.0/firebase-storage.js","performance":"https://www.gstatic.com/firebasejs/9.15.0/firebase-performance.js","remote-config":"https://www.gstatic.com/firebasejs/9.15.0/firebase-remote-config.js","messaging":"https://www.gstatic.com/firebasejs/9.15.0/firebase-messaging.js","messaging/sw":"https://www.gstatic.com/firebasejs/9.15.0/firebase-messaging/sw.js","database":"https://www.gstatic.com/firebasejs/9.15.0/firebase-database.js","firestore.memory":"https://www.gstatic.com/firebasejs/9.15.0/firebase-firestore.memory.js"}}
[info] ✔  Wrote public/index.html 
[info] 
[info] i  Detected a .git folder at /Users/nitinsharma/Projects/Learning/featherGlobe 
[info] i  Authorizing with GitHub to upload your service account to a GitHub repository's secrets store. 
[info] 
[info] Visit this URL on this device to log in:
[info] https://github.com/login/oauth/authorize?client_id=89cf50f02ac6aaed3484&state=777207937&redirect_uri=http%3A%2F%2Flocalhost%3A9005&scope=read%3Auser%20repo%20public_repo
[info] 
[info] Waiting for authentication...
[debug] [2023-01-16T18:24:25.212Z] >>> [apiv2][query] POST https://github.com/login/oauth/access_token [none]
[debug] [2023-01-16T18:24:25.212Z] >>> [apiv2][body] POST https://github.com/login/oauth/access_token [stream]
[debug] [2023-01-16T18:24:25.613Z] <<< [apiv2][status] POST https://github.com/login/oauth/access_token 200
[debug] [2023-01-16T18:24:25.613Z] <<< [apiv2][body] POST https://github.com/login/oauth/access_token {"access_token":"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","token_type":"bearer","scope":"read:user,repo"}
[debug] [2023-01-16T18:24:25.616Z] >>> [apiv2][query] GET https://api.github.com/user [none]
[debug] [2023-01-16T18:24:26.022Z] <<< [apiv2][status] GET https://api.github.com/user 200
[debug] [2023-01-16T18:24:26.022Z] <<< [apiv2][body] GET https://api.github.com/user {"login":"nitin-fed","id":29562665,"node_id":"MDQ6VXNlcjI5NTYyNjY1","avatar_url":"https://avatars.githubusercontent.com/u/29562665?v=4","gravatar_id":"","url":"https://api.github.com/users/nitin-fed","html_url":"https://github.com/nitin-fed","followers_url":"https://api.github.com/users/nitin-fed/followers","following_url":"https://api.github.com/users/nitin-fed/following{/other_user}","gists_url":"https://api.github.com/users/nitin-fed/gists{/gist_id}","starred_url":"https://api.github.com/users/nitin-fed/starred{/owner}{/repo}","subscriptions_url":"https://api.github.com/users/nitin-fed/subscriptions","organizations_url":"https://api.github.com/users/nitin-fed/orgs","repos_url":"https://api.github.com/users/nitin-fed/repos","events_url":"https://api.github.com/users/nitin-fed/events{/privacy}","received_events_url":"https://api.github.com/users/nitin-fed/received_events","type":"User","site_admin":false,"name":"Nitin","company":null,"blog":"","location":"USA - CALIFORNIA","email":"nitin.fed@gmail.com","hireable":null,"bio":"Frontend Developer with strong knowledge on JavaScript, Object Oriendted JavaScript, React JS, Redux JS, jQuary, HTML5, CSS3, Bootstrap","twitter_username":null,"public_repos":14,"public_gists":0,"followers":2,"following":1,"created_at":"2017-06-20T05:15:51Z","updated_at":"2023-01-16T18:21:43Z","private_gists":0,"total_private_repos":2,"owned_private_repos":2,"disk_usage":227382,"collaborators":0,"two_factor_authentication":false,"plan":{"name":"free","space":976562499,"collaborators":0,"private_repos":10000}}
[info] 
[info] ✔  Success! Logged into GitHub as nitin-fed 
[info] 
[debug] [2023-01-16T18:24:26.027Z] >>> [apiv2][query] GET https://api.github.com/repos//actions/secrets/public-key type=owner
[debug] [2023-01-16T18:24:26.029Z] >>> [apiv2][query] GET https://api.github.com/repos//actions/secrets/public-key type=owner
[debug] [2023-01-16T18:24:26.031Z] >>> [apiv2][query] GET https://api.github.com/repos//actions/secrets/public-key type=owner
[debug] [2023-01-16T18:24:26.032Z] >>> [apiv2][query] GET https://api.github.com/repos//actions/secrets/public-key type=owner
[debug] [2023-01-16T18:24:26.271Z] <<< [apiv2][status] GET https://api.github.com/repos//actions/secrets/public-key 404
[debug] [2023-01-16T18:24:26.271Z] <<< [apiv2][body] GET https://api.github.com/repos//actions/secrets/public-key {"message":"Not Found","documentation_url":"https://docs.github.com/rest"}
[debug] [2023-01-16T18:24:26.273Z] <<< [apiv2][status] GET https://api.github.com/repos//actions/secrets/public-key 404
[debug] [2023-01-16T18:24:26.273Z] <<< [apiv2][body] GET https://api.github.com/repos//actions/secrets/public-key {"message":"Not Found","documentation_url":"https://docs.github.com/rest"}
[debug] [2023-01-16T18:24:26.273Z] <<< [apiv2][status] GET https://api.github.com/repos//actions/secrets/public-key 404
[debug] [2023-01-16T18:24:26.273Z] <<< [apiv2][body] GET https://api.github.com/repos//actions/secrets/public-key {"message":"Not Found","documentation_url":"https://docs.github.com/rest"}
[debug] [2023-01-16T18:24:26.275Z] <<< [apiv2][status] GET https://api.github.com/repos//actions/secrets/public-key 404
[debug] [2023-01-16T18:24:26.275Z] <<< [apiv2][body] GET https://api.github.com/repos//actions/secrets/public-key {"message":"Not Found","documentation_url":"https://docs.github.com/rest"}
[debug] [2023-01-16T18:25:10.761Z] >>> [apiv2][query] GET https://api.github.com/repos/nitin-fed/actions/secrets/public-key type=owner
[debug] [2023-01-16T18:25:10.764Z] >>> [apiv2][query] GET https://api.github.com/repos///actions/secrets/public-key type=owner
[debug] [2023-01-16T18:25:11.010Z] <<< [apiv2][status] GET https://api.github.com/repos///actions/secrets/public-key 404
[debug] [2023-01-16T18:25:11.011Z] <<< [apiv2][body] GET https://api.github.com/repos///actions/secrets/public-key {"message":"Not Found","documentation_url":"https://docs.github.com/rest"}
[debug] [2023-01-16T18:25:11.029Z] <<< [apiv2][status] GET https://api.github.com/repos/nitin-fed/actions/secrets/public-key 404
[debug] [2023-01-16T18:25:11.029Z] <<< [apiv2][body] GET https://api.github.com/repos/nitin-fed/actions/secrets/public-key {"message":"Not Found","documentation_url":"https://docs.github.com/rest"}
[debug] [2023-01-16T18:25:17.774Z] >>> [apiv2][query] GET https://api.github.com/repos/featherGlobe/nitin-fed/workflow/actions/secrets/public-key type=owner
[debug] [2023-01-16T18:25:18.009Z] <<< [apiv2][status] GET https://api.github.com/repos/featherGlobe/nitin-fed/workflow/actions/secrets/public-key 404
[debug] [2023-01-16T18:25:18.009Z] <<< [apiv2][body] GET https://api.github.com/repos/featherGlobe/nitin-fed/workflow/actions/secrets/public-key {"message":"Not Found","documentation_url":"https://docs.github.com/rest"}
[debug] [2023-01-16T18:25:25.396Z] >>> [apiv2][query] GET https://api.github.com/repos/featherGlobe/nitin-fed/workflow/actions/secrets/public-key type=owner
[debug] [2023-01-16T18:25:25.628Z] <<< [apiv2][status] GET https://api.github.com/repos/featherGlobe/nitin-fed/workflow/actions/secrets/public-key 404
[debug] [2023-01-16T18:25:25.629Z] <<< [apiv2][body] GET https://api.github.com/repos/featherGlobe/nitin-fed/workflow/actions/secrets/public-key {"message":"Not Found","documentation_url":"https://docs.github.com/rest"}
[debug] [2023-01-16T18:26:00.796Z] >>> [apiv2][query] GET https://api.github.com/repos/nitin-fed/workflow/actions/secrets/public-key type=owner
[debug] [2023-01-16T18:26:01.109Z] <<< [apiv2][status] GET https://api.github.com/repos/nitin-fed/workflow/actions/secrets/public-key 404
[debug] [2023-01-16T18:26:01.109Z] <<< [apiv2][body] GET https://api.github.com/repos/nitin-fed/workflow/actions/secrets/public-key {"message":"Not Found","documentation_url":"https://docs.github.com/rest/reference/actions#get-a-repository-public-key"}
[debug] [2023-01-16T18:26:06.321Z] >>> [apiv2][query] GET https://api.github.com/repos/workflow/actions/secrets/public-key type=owner
[debug] [2023-01-16T18:26:06.548Z] <<< [apiv2][status] GET https://api.github.com/repos/workflow/actions/secrets/public-key 404
[debug] [2023-01-16T18:26:06.548Z] <<< [apiv2][body] GET https://api.github.com/repos/workflow/actions/secrets/public-key {"message":"Not Found","documentation_url":"https://docs.github.com/rest"}
[debug] [2023-01-16T18:26:07.457Z] >>> [apiv2][query] GET https://api.github.com/repos/workflow/actions/secrets/public-key type=owner
[debug] [2023-01-16T18:26:07.687Z] <<< [apiv2][status] GET https://api.github.com/repos/workflow/actions/secrets/public-key 404
[debug] [2023-01-16T18:26:07.687Z] <<< [apiv2][body] GET https://api.github.com/repos/workflow/actions/secrets/public-key {"message":"Not Found","documentation_url":"https://docs.github.com/rest"}
[debug] [2023-01-16T18:26:13.342Z] >>> [apiv2][query] GET https://api.github.com/repos//actions/secrets/public-key type=owner
[debug] [2023-01-16T18:26:13.579Z] <<< [apiv2][status] GET https://api.github.com/repos//actions/secrets/public-key 404
[debug] [2023-01-16T18:26:13.579Z] <<< [apiv2][body] GET https://api.github.com/repos//actions/secrets/public-key {"message":"Not Found","documentation_url":"https://docs.github.com/rest"}
[debug] [2023-01-16T18:26:14.216Z] >>> [apiv2][query] GET https://api.github.com/repos//actions/secrets/public-key type=owner
[debug] [2023-01-16T18:26:14.473Z] <<< [apiv2][status] GET https://api.github.com/repos//actions/secrets/public-key 404
[debug] [2023-01-16T18:26:14.473Z] <<< [apiv2][body] GET https://api.github.com/repos//actions/secrets/public-key {"message":"Not Found","documentation_url":"https://docs.github.com/rest"}
[debug] [2023-01-16T18:26:14.474Z] >>> [apiv2][query] GET https://api.github.com/repos//actions/secrets/public-key type=owner
[debug] [2023-01-16T18:26:14.697Z] <<< [apiv2][status] GET https://api.github.com/repos//actions/secrets/public-key 404
[debug] [2023-01-16T18:26:14.697Z] <<< [apiv2][body] GET https://api.github.com/repos//actions/secrets/public-key {"message":"Not Found","documentation_url":"https://docs.github.com/rest"}
[debug] [2023-01-16T18:26:14.725Z] >>> [apiv2][query] GET https://api.github.com/repos//actions/secrets/public-key type=owner
[debug] [2023-01-16T18:26:14.937Z] <<< [apiv2][status] GET https://api.github.com/repos//actions/secrets/public-key 404
[debug] [2023-01-16T18:26:14.937Z] <<< [apiv2][body] GET https://api.github.com/repos//actions/secrets/public-key {"message":"Not Found","documentation_url":"https://docs.github.com/rest"}
[debug] [2023-01-16T18:26:26.887Z] >>> [apiv2][query] GET https://api.github.com/repos/nitin-fed/workflow/actions/secrets/public-key type=owner
[debug] [2023-01-16T18:26:27.121Z] <<< [apiv2][status] GET https://api.github.com/repos/nitin-fed/workflow/actions/secrets/public-key 404
[debug] [2023-01-16T18:26:27.121Z] <<< [apiv2][body] GET https://api.github.com/repos/nitin-fed/workflow/actions/secrets/public-key {"message":"Not Found","documentation_url":"https://docs.github.com/rest/reference/actions#get-a-repository-public-key"}
[debug] [2023-01-16T18:26:28.677Z] >>> [apiv2][query] GET https://api.github.com/repos/nitin-fed/workflow/actions/secrets/public-key type=owner
[debug] [2023-01-16T18:26:28.934Z] <<< [apiv2][status] GET https://api.github.com/repos/nitin-fed/workflow/actions/secrets/public-key 404
[debug] [2023-01-16T18:26:28.935Z] <<< [apiv2][body] GET https://api.github.com/repos/nitin-fed/workflow/actions/secrets/public-key {"message":"Not Found","documentation_url":"https://docs.github.com/rest/reference/actions#get-a-repository-public-key"}
[debug] [2023-01-16T18:26:29.340Z] >>> [apiv2][query] GET https://api.github.com/repos/nitin-fed/workflow/actions/secrets/public-key type=owner
[debug] [2023-01-16T18:26:29.521Z] >>> [apiv2][query] GET https://api.github.com/repos//actions/secrets/public-key type=owner
[debug] [2023-01-16T18:26:29.601Z] <<< [apiv2][status] GET https://api.github.com/repos/nitin-fed/workflow/actions/secrets/public-key 404
[debug] [2023-01-16T18:26:29.602Z] <<< [apiv2][body] GET https://api.github.com/repos/nitin-fed/workflow/actions/secrets/public-key {"message":"Not Found","documentation_url":"https://docs.github.com/rest/reference/actions#get-a-repository-public-key"}
[debug] [2023-01-16T18:26:29.748Z] <<< [apiv2][status] GET https://api.github.com/repos//actions/secrets/public-key 404
[debug] [2023-01-16T18:26:29.748Z] <<< [apiv2][body] GET https://api.github.com/repos//actions/secrets/public-key {"message":"Not Found","documentation_url":"https://docs.github.com/rest"}
[debug] [2023-01-16T18:26:29.760Z] >>> [apiv2][query] GET https://api.github.com/repos/nitin-fed/workflow/actions/secrets/public-key type=owner
[debug] [2023-01-16T18:26:30.013Z] <<< [apiv2][status] GET https://api.github.com/repos/nitin-fed/workflow/actions/secrets/public-key 404
[debug] [2023-01-16T18:26:30.013Z] <<< [apiv2][body] GET https://api.github.com/repos/nitin-fed/workflow/actions/secrets/public-key {"message":"Not Found","documentation_url":"https://docs.github.com/rest/reference/actions#get-a-repository-public-key"}
[debug] [2023-01-16T18:26:30.639Z] >>> [apiv2][query] GET https://api.github.com/repos/nitin-fed/workflow/actions/secrets/public-key type=owner
[debug] [2023-01-16T18:26:30.887Z] <<< [apiv2][status] GET https://api.github.com/repos/nitin-fed/workflow/actions/secrets/public-key 404
[debug] [2023-01-16T18:26:30.887Z] <<< [apiv2][body] GET https://api.github.com/repos/nitin-fed/workflow/actions/secrets/public-key {"message":"Not Found","documentation_url":"https://docs.github.com/rest/reference/actions#get-a-repository-public-key"}
[debug] [2023-01-16T18:26:31.212Z] >>> [apiv2][query] GET https://api.github.com/repos/nitin-fed/workflow/actions/secrets/public-key type=owner
[debug] [2023-01-16T18:26:31.393Z] >>> [apiv2][query] GET https://api.github.com/repos//actions/secrets/public-key type=owner
[debug] [2023-01-16T18:26:31.471Z] <<< [apiv2][status] GET https://api.github.com/repos/nitin-fed/workflow/actions/secrets/public-key 404
[debug] [2023-01-16T18:26:31.471Z] <<< [apiv2][body] GET https://api.github.com/repos/nitin-fed/workflow/actions/secrets/public-key {"message":"Not Found","documentation_url":"https://docs.github.com/rest/reference/actions#get-a-repository-public-key"}
[debug] [2023-01-16T18:26:31.613Z] >>> [apiv2][query] GET https://api.github.com/repos/nitin-fed/workflow/actions/secrets/public-key type=owner
[debug] [2023-01-16T18:26:31.617Z] <<< [apiv2][status] GET https://api.github.com/repos//actions/secrets/public-key 404
[debug] [2023-01-16T18:26:31.617Z] <<< [apiv2][body] GET https://api.github.com/repos//actions/secrets/public-key {"message":"Not Found","documentation_url":"https://docs.github.com/rest"}
[debug] [2023-01-16T18:26:31.823Z] >>> [apiv2][query] GET https://api.github.com/repos//actions/secrets/public-key type=owner
[debug] [2023-01-16T18:26:31.855Z] <<< [apiv2][status] GET https://api.github.com/repos/nitin-fed/workflow/actions/secrets/public-key 404
[debug] [2023-01-16T18:26:31.855Z] <<< [apiv2][body] GET https://api.github.com/repos/nitin-fed/workflow/actions/secrets/public-key {"message":"Not Found","documentation_url":"https://docs.github.com/rest/reference/actions#get-a-repository-public-key"}
[debug] [2023-01-16T18:26:32.054Z] <<< [apiv2][status] GET https://api.github.com/repos//actions/secrets/public-key 404
[debug] [2023-01-16T18:26:32.054Z] <<< [apiv2][body] GET https://api.github.com/repos//actions/secrets/public-key {"message":"Not Found","documentation_url":"https://docs.github.com/rest"}
